<?xml version="1.0" encoding="UTF-8"?>
<coverage generated="1771176411925" clover="3.2.0">
  <project timestamp="1771176411925" name="All files">
    <metrics statements="349" coveredstatements="277" conditionals="164" coveredconditionals="111" methods="31" coveredmethods="24" elements="544" coveredelements="412" complexity="0" loc="349" ncloc="349" packages="2" files="8" classes="8"/>
    <package name="server">
      <metrics statements="45" coveredstatements="0" conditionals="30" coveredconditionals="0" methods="6" coveredmethods="0"/>
      <file name="middleware.js" path="C:\Users\rio\Desktop\My Files\Work Desk\NITinder\server\middleware.js">
        <metrics statements="27" coveredstatements="0" conditionals="26" coveredconditionals="0" methods="3" coveredmethods="0"/>
        <line num="6" count="0" type="cond" truecount="0" falsecount="2"/>
        <line num="7" count="0" type="cond" truecount="0" falsecount="2"/>
        <line num="9" count="0" type="stmt"/>
        <line num="27" count="0" type="stmt"/>
        <line num="29" count="0" type="stmt"/>
        <line num="31" count="0" type="cond" truecount="0" falsecount="3"/>
        <line num="63" count="0" type="cond" truecount="0" falsecount="2"/>
        <line num="64" count="0" type="stmt"/>
        <line num="67" count="0" type="cond" truecount="0" falsecount="2"/>
        <line num="68" count="0" type="stmt"/>
        <line num="70" count="0" type="cond" truecount="0" falsecount="5"/>
        <line num="71" count="0" type="stmt"/>
        <line num="76" count="0" type="stmt"/>
        <line num="77" count="0" type="stmt"/>
        <line num="80" count="0" type="stmt"/>
        <line num="88" count="0" type="cond" truecount="0" falsecount="2"/>
        <line num="89" count="0" type="stmt"/>
        <line num="92" count="0" type="cond" truecount="0" falsecount="2"/>
        <line num="93" count="0" type="stmt"/>
        <line num="96" count="0" type="cond" truecount="0" falsecount="2"/>
        <line num="97" count="0" type="stmt"/>
        <line num="98" count="0" type="cond" truecount="0" falsecount="4"/>
        <line num="99" count="0" type="stmt"/>
        <line num="102" count="0" type="stmt"/>
        <line num="103" count="0" type="stmt"/>
        <line num="105" count="0" type="stmt"/>
        <line num="106" count="0" type="stmt"/>
      </file>
      <file name="utils.js" path="C:\Users\rio\Desktop\My Files\Work Desk\NITinder\server\utils.js">
        <metrics statements="18" coveredstatements="0" conditionals="4" coveredconditionals="0" methods="3" coveredmethods="0"/>
        <line num="9" count="0" type="cond" truecount="0" falsecount="2"/>
        <line num="10" count="0" type="cond" truecount="0" falsecount="2"/>
        <line num="20" count="0" type="stmt"/>
        <line num="21" count="0" type="stmt"/>
        <line num="22" count="0" type="stmt"/>
        <line num="24" count="0" type="stmt"/>
        <line num="25" count="0" type="stmt"/>
        <line num="38" count="0" type="stmt"/>
        <line num="39" count="0" type="stmt"/>
        <line num="40" count="0" type="stmt"/>
        <line num="42" count="0" type="stmt"/>
        <line num="43" count="0" type="stmt"/>
        <line num="54" count="0" type="stmt"/>
        <line num="55" count="0" type="stmt"/>
        <line num="56" count="0" type="stmt"/>
        <line num="57" count="0" type="stmt"/>
        <line num="65" count="0" type="stmt"/>
        <line num="76" count="0" type="stmt"/>
      </file>
    </package>
    <package name="server.controllers">
      <metrics statements="304" coveredstatements="277" conditionals="134" coveredconditionals="111" methods="25" coveredmethods="24"/>
      <file name="auth.js" path="C:\Users\rio\Desktop\My Files\Work Desk\NITinder\server\controllers\auth.js">
        <metrics statements="37" coveredstatements="36" conditionals="20" coveredconditionals="18" methods="3" coveredmethods="3"/>
        <line num="11" count="1" type="stmt"/>
        <line num="13" count="1" type="stmt"/>
        <line num="14" count="6" type="stmt"/>
        <line num="15" count="6" type="stmt"/>
        <line num="16" count="6" type="stmt"/>
        <line num="17" count="6" type="cond" truecount="4" falsecount="0"/>
        <line num="18" count="2" type="stmt"/>
        <line num="20" count="4" type="stmt"/>
        <line num="23" count="3" type="cond" truecount="2" falsecount="0"/>
        <line num="25" count="2" type="cond" truecount="2" falsecount="0"/>
        <line num="26" count="1" type="stmt"/>
        <line num="27" count="1" type="stmt"/>
        <line num="30" count="1" type="stmt"/>
        <line num="38" count="1" type="stmt"/>
        <line num="39" count="1" type="stmt"/>
        <line num="43" count="1" type="stmt"/>
        <line num="44" count="7" type="stmt"/>
        <line num="45" count="7" type="stmt"/>
        <line num="46" count="7" type="stmt"/>
        <line num="47" count="7" type="stmt"/>
        <line num="48" count="7" type="stmt"/>
        <line num="50" count="7" type="cond" truecount="6" falsecount="0"/>
        <line num="51" count="4" type="stmt"/>
        <line num="53" count="3" type="stmt"/>
        <line num="56" count="3" type="stmt"/>
        <line num="63" count="1" type="stmt"/>
        <line num="67" count="2" type="cond" truecount="2" falsecount="0"/>
        <line num="68" count="1" type="stmt"/>
        <line num="69" count="1" type="cond" truecount="1" falsecount="1"/>
        <line num="70" count="1" type="stmt"/>
        <line num="71" count="1" type="stmt"/>
        <line num="75" count="1" type="stmt"/>
        <line num="76" count="1" type="stmt"/>
        <line num="80" count="1" type="stmt"/>
        <line num="81" count="1" type="cond" truecount="1" falsecount="1"/>
        <line num="91" count="0" type="stmt"/>
        <line num="93" count="1" type="stmt"/>
      </file>
      <file name="conversation.js" path="C:\Users\rio\Desktop\My Files\Work Desk\NITinder\server\controllers\conversation.js">
        <metrics statements="59" coveredstatements="55" conditionals="20" coveredconditionals="15" methods="6" coveredmethods="6"/>
        <line num="5" count="1" type="stmt"/>
        <line num="9" count="1" type="stmt"/>
        <line num="10" count="3" type="stmt"/>
        <line num="11" count="3" type="stmt"/>
        <line num="13" count="3" type="stmt"/>
        <line num="35" count="2" type="stmt"/>
        <line num="37" count="1" type="cond" truecount="1" falsecount="1"/>
        <line num="39" count="1" type="cond" truecount="1" falsecount="1"/>
        <line num="41" count="1" type="stmt"/>
        <line num="52" count="2" type="stmt"/>
        <line num="54" count="1" type="stmt"/>
        <line num="55" count="1" type="stmt"/>
        <line num="61" count="1" type="stmt"/>
        <line num="62" count="4" type="stmt"/>
        <line num="63" count="4" type="stmt"/>
        <line num="64" count="4" type="stmt"/>
        <line num="66" count="4" type="cond" truecount="1" falsecount="1"/>
        <line num="67" count="0" type="stmt"/>
        <line num="71" count="4" type="stmt"/>
        <line num="80" count="3" type="cond" truecount="2" falsecount="0"/>
        <line num="81" count="2" type="stmt"/>
        <line num="87" count="1" type="cond" truecount="1" falsecount="1"/>
        <line num="91" count="1" type="stmt"/>
        <line num="101" count="1" type="stmt"/>
        <line num="106" count="1" type="stmt"/>
        <line num="115" count="1" type="stmt"/>
        <line num="116" count="1" type="stmt"/>
        <line num="122" count="1" type="stmt"/>
        <line num="123" count="5" type="stmt"/>
        <line num="124" count="5" type="stmt"/>
        <line num="125" count="5" type="stmt"/>
        <line num="127" count="5" type="cond" truecount="2" falsecount="0"/>
        <line num="128" count="1" type="stmt"/>
        <line num="132" count="4" type="stmt"/>
        <line num="139" count="3" type="cond" truecount="2" falsecount="0"/>
        <line num="140" count="1" type="stmt"/>
        <line num="146" count="2" type="stmt"/>
        <line num="150" count="2" type="cond" truecount="2" falsecount="0"/>
        <line num="151" count="1" type="stmt"/>
        <line num="156" count="1" type="stmt"/>
        <line num="157" count="1" type="stmt"/>
        <line num="166" count="1" type="stmt"/>
        <line num="170" count="1" type="stmt"/>
        <line num="179" count="1" type="stmt"/>
        <line num="180" count="1" type="stmt"/>
        <line num="186" count="1" type="stmt"/>
        <line num="187" count="2" type="stmt"/>
        <line num="188" count="2" type="stmt"/>
        <line num="189" count="2" type="stmt"/>
        <line num="191" count="2" type="cond" truecount="1" falsecount="1"/>
        <line num="192" count="0" type="stmt"/>
        <line num="196" count="2" type="stmt"/>
        <line num="204" count="2" type="cond" truecount="2" falsecount="0"/>
        <line num="205" count="1" type="stmt"/>
        <line num="211" count="1" type="stmt"/>
        <line num="220" count="1" type="stmt"/>
        <line num="224" count="1" type="stmt"/>
        <line num="226" count="0" type="stmt"/>
        <line num="227" count="0" type="stmt"/>
      </file>
      <file name="match.js" path="C:\Users\rio\Desktop\My Files\Work Desk\NITinder\server\controllers\match.js">
        <metrics statements="38" coveredstatements="36" conditionals="22" coveredconditionals="16" methods="2" coveredmethods="2"/>
        <line num="4" count="1" type="stmt"/>
        <line num="8" count="1" type="stmt"/>
        <line num="9" count="3" type="stmt"/>
        <line num="10" count="3" type="stmt"/>
        <line num="11" count="3" type="cond" truecount="1" falsecount="1"/>
        <line num="12" count="0" type="stmt"/>
        <line num="15" count="3" type="stmt"/>
        <line num="37" count="2" type="cond" truecount="2" falsecount="0"/>
        <line num="38" count="1" type="stmt"/>
        <line num="41" count="1" type="stmt"/>
        <line num="62" count="1" type="stmt"/>
        <line num="63" count="1" type="stmt"/>
        <line num="69" count="1" type="stmt"/>
        <line num="70" count="5" type="stmt"/>
        <line num="71" count="5" type="stmt"/>
        <line num="72" count="5" type="cond" truecount="1" falsecount="1"/>
        <line num="73" count="0" type="stmt"/>
        <line num="76" count="5" type="stmt"/>
        <line num="79" count="5" type="stmt"/>
        <line num="86" count="4" type="cond" truecount="2" falsecount="0"/>
        <line num="87" count="1" type="stmt"/>
        <line num="93" count="3" type="stmt"/>
        <line num="95" count="3" type="cond" truecount="3" falsecount="1"/>
        <line num="96" count="3" type="stmt"/>
        <line num="97" count="3" type="stmt"/>
        <line num="99" count="3" type="cond" truecount="2" falsecount="0"/>
        <line num="100" count="2" type="stmt"/>
        <line num="101" count="2" type="cond" truecount="1" falsecount="1"/>
        <line num="104" count="3" type="cond" truecount="2" falsecount="0"/>
        <line num="105" count="2" type="stmt"/>
        <line num="106" count="2" type="cond" truecount="1" falsecount="1"/>
        <line num="109" count="3" type="cond" truecount="1" falsecount="1"/>
        <line num="110" count="3" type="stmt"/>
        <line num="111" count="3" type="stmt"/>
        <line num="116" count="3" type="stmt"/>
        <line num="138" count="3" type="stmt"/>
        <line num="162" count="1" type="stmt"/>
        <line num="163" count="1" type="stmt"/>
      </file>
      <file name="message.js" path="C:\Users\rio\Desktop\My Files\Work Desk\NITinder\server\controllers\message.js">
        <metrics statements="67" coveredstatements="52" conditionals="24" coveredconditionals="19" methods="5" coveredmethods="4"/>
        <line num="5" count="1" type="stmt"/>
        <line num="9" count="1" type="stmt"/>
        <line num="10" count="5" type="stmt"/>
        <line num="11" count="5" type="stmt"/>
        <line num="12" count="5" type="stmt"/>
        <line num="13" count="5" type="stmt"/>
        <line num="15" count="5" type="cond" truecount="2" falsecount="0"/>
        <line num="16" count="1" type="stmt"/>
        <line num="19" count="4" type="cond" truecount="2" falsecount="0"/>
        <line num="20" count="1" type="stmt"/>
        <line num="24" count="3" type="stmt"/>
        <line num="32" count="2" type="cond" truecount="2" falsecount="0"/>
        <line num="33" count="1" type="stmt"/>
        <line num="38" count="1" type="stmt"/>
        <line num="39" count="1" type="stmt"/>
        <line num="41" count="1" type="stmt"/>
        <line num="52" count="1" type="stmt"/>
        <line num="61" count="1" type="stmt"/>
        <line num="73" count="1" type="stmt"/>
        <line num="74" count="1" type="stmt"/>
        <line num="80" count="1" type="stmt"/>
        <line num="81" count="5" type="stmt"/>
        <line num="82" count="5" type="stmt"/>
        <line num="83" count="5" type="stmt"/>
        <line num="84" count="5" type="cond" truecount="2" falsecount="0"/>
        <line num="85" count="5" type="cond" truecount="2" falsecount="0"/>
        <line num="87" count="5" type="cond" truecount="2" falsecount="0"/>
        <line num="88" count="1" type="stmt"/>
        <line num="92" count="4" type="stmt"/>
        <line num="100" count="4" type="cond" truecount="2" falsecount="0"/>
        <line num="101" count="1" type="stmt"/>
        <line num="106" count="3" type="stmt"/>
        <line num="117" count="3" type="stmt"/>
        <line num="124" count="3" type="stmt"/>
        <line num="125" count="2" type="stmt"/>
        <line num="139" count="0" type="stmt"/>
        <line num="140" count="0" type="stmt"/>
        <line num="146" count="1" type="stmt"/>
        <line num="147" count="5" type="stmt"/>
        <line num="148" count="5" type="stmt"/>
        <line num="149" count="5" type="stmt"/>
        <line num="150" count="5" type="stmt"/>
        <line num="152" count="5" type="cond" truecount="1" falsecount="1"/>
        <line num="153" count="0" type="stmt"/>
        <line num="156" count="5" type="cond" truecount="2" falsecount="0"/>
        <line num="157" count="1" type="stmt"/>
        <line num="161" count="4" type="stmt"/>
        <line num="167" count="3" type="cond" truecount="2" falsecount="0"/>
        <line num="168" count="2" type="stmt"/>
        <line num="173" count="1" type="stmt"/>
        <line num="180" count="1" type="stmt"/>
        <line num="189" count="1" type="stmt"/>
        <line num="200" count="1" type="stmt"/>
        <line num="201" count="1" type="stmt"/>
        <line num="207" count="1" type="stmt"/>
        <line num="208" count="0" type="stmt"/>
        <line num="209" count="0" type="stmt"/>
        <line num="210" count="0" type="stmt"/>
        <line num="212" count="0" type="cond" truecount="0" falsecount="2"/>
        <line num="213" count="0" type="stmt"/>
        <line num="217" count="0" type="stmt"/>
        <line num="223" count="0" type="cond" truecount="0" falsecount="2"/>
        <line num="224" count="0" type="stmt"/>
        <line num="229" count="0" type="stmt"/>
        <line num="236" count="0" type="stmt"/>
        <line num="238" count="0" type="stmt"/>
        <line num="239" count="0" type="stmt"/>
      </file>
      <file name="profile.js" path="C:\Users\rio\Desktop\My Files\Work Desk\NITinder\server\controllers\profile.js">
        <metrics statements="57" coveredstatements="54" conditionals="26" coveredconditionals="23" methods="5" coveredmethods="5"/>
        <line num="6" count="1" type="stmt"/>
        <line num="8" count="1" type="stmt"/>
        <line num="19" count="1" type="stmt"/>
        <line num="20" count="2" type="stmt"/>
        <line num="21" count="2" type="cond" truecount="2" falsecount="0"/>
        <line num="24" count="2" type="stmt"/>
        <line num="25" count="2" type="stmt"/>
        <line num="28" count="1" type="stmt"/>
        <line num="29" count="2" type="stmt"/>
        <line num="32" count="2" type="cond" truecount="2" falsecount="0"/>
        <line num="33" count="1" type="stmt"/>
        <line num="35" count="1" type="stmt"/>
        <line num="38" count="1" type="stmt"/>
        <line num="39" count="2" type="stmt"/>
        <line num="40" count="2" type="cond" truecount="1" falsecount="1"/>
        <line num="41" count="0" type="stmt"/>
        <line num="44" count="2" type="stmt"/>
        <line num="47" count="2" type="cond" truecount="2" falsecount="0"/>
        <line num="48" count="1" type="stmt"/>
        <line num="51" count="1" type="stmt"/>
        <line num="58" count="1" type="stmt"/>
        <line num="59" count="8" type="cond" truecount="2" falsecount="0"/>
        <line num="60" count="5" type="stmt"/>
        <line num="64" count="1" type="stmt"/>
        <line num="74" count="1" type="stmt"/>
        <line num="77" count="1" type="stmt"/>
        <line num="78" count="4" type="stmt"/>
        <line num="79" count="4" type="cond" truecount="1" falsecount="1"/>
        <line num="80" count="0" type="stmt"/>
        <line num="83" count="4" type="stmt"/>
        <line num="86" count="4" type="cond" truecount="2" falsecount="0"/>
        <line num="87" count="1" type="stmt"/>
        <line num="89" count="3" type="cond" truecount="2" falsecount="0"/>
        <line num="90" count="1" type="stmt"/>
        <line num="93" count="2" type="stmt"/>
        <line num="94" count="2" type="stmt"/>
        <line num="99" count="2" type="stmt"/>
        <line num="100" count="16" type="cond" truecount="2" falsecount="0"/>
        <line num="101" count="2" type="stmt"/>
        <line num="102" count="2" type="stmt"/>
        <line num="106" count="2" type="cond" truecount="2" falsecount="0"/>
        <line num="107" count="1" type="stmt"/>
        <line num="110" count="1" type="stmt"/>
        <line num="112" count="1" type="stmt"/>
        <line num="116" count="1" type="stmt"/>
        <line num="119" count="1" type="stmt"/>
        <line num="122" count="1" type="stmt"/>
        <line num="123" count="3" type="stmt"/>
        <line num="124" count="3" type="cond" truecount="1" falsecount="1"/>
        <line num="125" count="0" type="stmt"/>
        <line num="128" count="3" type="stmt"/>
        <line num="131" count="3" type="cond" truecount="2" falsecount="0"/>
        <line num="132" count="1" type="stmt"/>
        <line num="134" count="2" type="cond" truecount="2" falsecount="0"/>
        <line num="135" count="1" type="stmt"/>
        <line num="138" count="1" type="stmt"/>
        <line num="142" count="1" type="stmt"/>
      </file>
      <file name="swipe.js" path="C:\Users\rio\Desktop\My Files\Work Desk\NITinder\server\controllers\swipe.js">
        <metrics statements="46" coveredstatements="44" conditionals="22" coveredconditionals="20" methods="4" coveredmethods="4"/>
        <line num="6" count="1" type="stmt"/>
        <line num="8" count="1" type="stmt"/>
        <line num="10" count="1" type="stmt"/>
        <line num="11" count="4" type="stmt"/>
        <line num="13" count="4" type="stmt"/>
        <line num="14" count="4" type="stmt"/>
        <line num="15" count="4" type="stmt"/>
        <line num="17" count="4" type="cond" truecount="2" falsecount="0"/>
        <line num="18" count="2" type="stmt"/>
        <line num="19" count="2" type="stmt"/>
        <line num="22" count="4" type="cond" truecount="2" falsecount="0"/>
        <line num="23" count="2" type="stmt"/>
        <line num="24" count="2" type="stmt"/>
        <line num="27" count="4" type="cond" truecount="2" falsecount="0"/>
        <line num="28" count="3" type="stmt"/>
        <line num="31" count="4" type="stmt"/>
        <line num="32" count="4" type="stmt"/>
        <line num="35" count="1" type="stmt"/>
        <line num="36" count="2" type="stmt"/>
        <line num="40" count="2" type="cond" truecount="2" falsecount="0"/>
        <line num="41" count="1" type="stmt"/>
        <line num="44" count="1" type="stmt"/>
        <line num="47" count="1" type="stmt"/>
        <line num="48" count="6" type="stmt"/>
        <line num="49" count="6" type="cond" truecount="1" falsecount="1"/>
        <line num="50" count="0" type="stmt"/>
        <line num="53" count="6" type="stmt"/>
        <line num="54" count="6" type="stmt"/>
        <line num="56" count="6" type="cond" truecount="4" falsecount="0"/>
        <line num="57" count="2" type="stmt"/>
        <line num="60" count="4" type="cond" truecount="2" falsecount="0"/>
        <line num="61" count="1" type="stmt"/>
        <line num="64" count="3" type="stmt"/>
        <line num="72" count="3" type="stmt"/>
        <line num="77" count="3" type="stmt"/>
        <line num="80" count="1" type="stmt"/>
        <line num="81" count="3" type="stmt"/>
        <line num="82" count="3" type="cond" truecount="1" falsecount="1"/>
        <line num="83" count="0" type="stmt"/>
        <line num="86" count="3" type="stmt"/>
        <line num="90" count="3" type="cond" truecount="2" falsecount="0"/>
        <line num="91" count="1" type="stmt"/>
        <line num="94" count="2" type="cond" truecount="2" falsecount="0"/>
        <line num="95" count="1" type="stmt"/>
        <line num="98" count="1" type="stmt"/>
        <line num="99" count="1" type="stmt"/>
      </file>
    </package>
  </project>
</coverage>
