{"C:\\Users\\rio\\Desktop\\My Files\\Work Desk\\NITinder\\server\\middleware.js": {"path":"C:\\Users\\rio\\Desktop\\My Files\\Work Desk\\NITinder\\server\\middleware.js","statementMap":{"0":{"start":{"line":6,"column":18},"end":{"line":6,"column":50}},"1":{"start":{"line":7,"column":19},"end":{"line":7,"column":57}},"2":{"start":{"line":9,"column":21},"end":{"line":13,"column":1}},"3":{"start":{"line":27,"column":19},"end":{"line":27,"column":27}},"4":{"start":{"line":29,"column":2},"end":{"line":33,"column":4}},"5":{"start":{"line":31,"column":6},"end":{"line":32,"column":72}},"6":{"start":{"line":63,"column":2},"end":{"line":65,"column":3}},"7":{"start":{"line":64,"column":4},"end":{"line":64,"column":18}},"8":{"start":{"line":67,"column":21},"end":{"line":67,"column":51}},"9":{"start":{"line":68,"column":26},"end":{"line":68,"column":47}},"10":{"start":{"line":70,"column":2},"end":{"line":74,"column":3}},"11":{"start":{"line":71,"column":4},"end":{"line":73,"column":67}},"12":{"start":{"line":76,"column":2},"end":{"line":107,"column":3}},"13":{"start":{"line":77,"column":20},"end":{"line":79,"column":6}},"14":{"start":{"line":80,"column":20},"end":{"line":86,"column":19}},"15":{"start":{"line":88,"column":4},"end":{"line":90,"column":5}},"16":{"start":{"line":89,"column":6},"end":{"line":89,"column":47}},"17":{"start":{"line":92,"column":4},"end":{"line":94,"column":5}},"18":{"start":{"line":93,"column":6},"end":{"line":93,"column":47}},"19":{"start":{"line":96,"column":4},"end":{"line":101,"column":5}},"20":{"start":{"line":97,"column":26},"end":{"line":97,"column":56}},"21":{"start":{"line":98,"column":6},"end":{"line":100,"column":7}},"22":{"start":{"line":99,"column":8},"end":{"line":99,"column":49}},"23":{"start":{"line":102,"column":4},"end":{"line":102,"column":26}},"24":{"start":{"line":103,"column":4},"end":{"line":103,"column":18}},"25":{"start":{"line":105,"column":4},"end":{"line":105,"column":38}},"26":{"start":{"line":106,"column":4},"end":{"line":106,"column":72}}},"fnMap":{"0":{"name":"isPublicRoute","decl":{"start":{"line":26,"column":9},"end":{"line":26,"column":22}},"loc":{"start":{"line":26,"column":28},"end":{"line":34,"column":1}},"line":26},"1":{"name":"(anonymous_1)","decl":{"start":{"line":30,"column":4},"end":{"line":30,"column":5}},"loc":{"start":{"line":31,"column":6},"end":{"line":32,"column":72}},"line":31},"2":{"name":"authMiddleware","decl":{"start":{"line":62,"column":16},"end":{"line":62,"column":30}},"loc":{"start":{"line":62,"column":47},"end":{"line":108,"column":1}},"line":62}},"branchMap":{"0":{"loc":{"start":{"line":6,"column":18},"end":{"line":6,"column":50}},"type":"binary-expr","locations":[{"start":{"line":6,"column":18},"end":{"line":6,"column":39}},{"start":{"line":6,"column":43},"end":{"line":6,"column":50}}],"line":6},"1":{"loc":{"start":{"line":7,"column":19},"end":{"line":7,"column":57}},"type":"binary-expr","locations":[{"start":{"line":7,"column":19},"end":{"line":7,"column":41}},{"start":{"line":7,"column":45},"end":{"line":7,"column":57}}],"line":7},"2":{"loc":{"start":{"line":31,"column":6},"end":{"line":32,"column":72}},"type":"binary-expr","locations":[{"start":{"line":31,"column":6},"end":{"line":31,"column":33}},{"start":{"line":32,"column":7},"end":{"line":32,"column":30}},{"start":{"line":32,"column":34},"end":{"line":32,"column":71}}],"line":31},"3":{"loc":{"start":{"line":63,"column":2},"end":{"line":65,"column":3}},"type":"if","locations":[{"start":{"line":63,"column":2},"end":{"line":65,"column":3}},{"start":{},"end":{}}],"line":63},"4":{"loc":{"start":{"line":67,"column":21},"end":{"line":67,"column":51}},"type":"binary-expr","locations":[{"start":{"line":67,"column":21},"end":{"line":67,"column":45}},{"start":{"line":67,"column":49},"end":{"line":67,"column":51}}],"line":67},"5":{"loc":{"start":{"line":70,"column":2},"end":{"line":74,"column":3}},"type":"if","locations":[{"start":{"line":70,"column":2},"end":{"line":74,"column":3}},{"start":{},"end":{}}],"line":70},"6":{"loc":{"start":{"line":70,"column":6},"end":{"line":70,"column":50}},"type":"binary-expr","locations":[{"start":{"line":70,"column":6},"end":{"line":70,"column":17}},{"start":{"line":70,"column":21},"end":{"line":70,"column":40}},{"start":{"line":70,"column":44},"end":{"line":70,"column":50}}],"line":70},"7":{"loc":{"start":{"line":88,"column":4},"end":{"line":90,"column":5}},"type":"if","locations":[{"start":{"line":88,"column":4},"end":{"line":90,"column":5}},{"start":{},"end":{}}],"line":88},"8":{"loc":{"start":{"line":92,"column":4},"end":{"line":94,"column":5}},"type":"if","locations":[{"start":{"line":92,"column":4},"end":{"line":94,"column":5}},{"start":{},"end":{}}],"line":92},"9":{"loc":{"start":{"line":96,"column":4},"end":{"line":101,"column":5}},"type":"if","locations":[{"start":{"line":96,"column":4},"end":{"line":101,"column":5}},{"start":{},"end":{}}],"line":96},"10":{"loc":{"start":{"line":98,"column":6},"end":{"line":100,"column":7}},"type":"if","locations":[{"start":{"line":98,"column":6},"end":{"line":100,"column":7}},{"start":{},"end":{}}],"line":98},"11":{"loc":{"start":{"line":98,"column":10},"end":{"line":98,"column":67}},"type":"binary-expr","locations":[{"start":{"line":98,"column":10},"end":{"line":98,"column":38}},{"start":{"line":98,"column":42},"end":{"line":98,"column":67}}],"line":98}},"s":{"0":0,"1":0,"2":0,"3":0,"4":0,"5":0,"6":0,"7":0,"8":0,"9":0,"10":0,"11":0,"12":0,"13":0,"14":0,"15":0,"16":0,"17":0,"18":0,"19":0,"20":0,"21":0,"22":0,"23":0,"24":0,"25":0,"26":0},"f":{"0":0,"1":0,"2":0},"b":{"0":[0,0],"1":[0,0],"2":[0,0,0],"3":[0,0],"4":[0,0],"5":[0,0],"6":[0,0,0],"7":[0,0],"8":[0,0],"9":[0,0],"10":[0,0],"11":[0,0]},"inputSourceMap":null}
,"C:\\Users\\rio\\Desktop\\My Files\\Work Desk\\NITinder\\server\\utils.js": {"path":"C:\\Users\\rio\\Desktop\\My Files\\Work Desk\\NITinder\\server\\utils.js","statementMap":{"0":{"start":{"line":9,"column":18},"end":{"line":9,"column":50}},"1":{"start":{"line":10,"column":19},"end":{"line":10,"column":57}},"2":{"start":{"line":20,"column":2},"end":{"line":26,"column":3}},"3":{"start":{"line":21,"column":27},"end":{"line":21,"column":59}},"4":{"start":{"line":22,"column":4},"end":{"line":22,"column":26}},"5":{"start":{"line":24,"column":4},"end":{"line":24,"column":60}},"6":{"start":{"line":25,"column":4},"end":{"line":25,"column":16}},"7":{"start":{"line":38,"column":2},"end":{"line":44,"column":3}},"8":{"start":{"line":39,"column":23},"end":{"line":39,"column":73}},"9":{"start":{"line":40,"column":4},"end":{"line":40,"column":22}},"10":{"start":{"line":42,"column":4},"end":{"line":42,"column":60}},"11":{"start":{"line":43,"column":4},"end":{"line":43,"column":16}},"12":{"start":{"line":54,"column":20},"end":{"line":54,"column":26}},"13":{"start":{"line":55,"column":19},"end":{"line":55,"column":29}},"14":{"start":{"line":56,"column":20},"end":{"line":56,"column":74}},"15":{"start":{"line":57,"column":22},"end":{"line":63,"column":3}},"16":{"start":{"line":65,"column":2},"end":{"line":74,"column":5}},"17":{"start":{"line":76,"column":2},"end":{"line":76,"column":21}}},"fnMap":{"0":{"name":"getPasswordHash","decl":{"start":{"line":19,"column":15},"end":{"line":19,"column":30}},"loc":{"start":{"line":19,"column":46},"end":{"line":27,"column":1}},"line":19},"1":{"name":"verifyPasswordHash","decl":{"start":{"line":37,"column":15},"end":{"line":37,"column":33}},"loc":{"start":{"line":37,"column":65},"end":{"line":45,"column":1}},"line":37},"2":{"name":"createAccessToken","decl":{"start":{"line":53,"column":9},"end":{"line":53,"column":26}},"loc":{"start":{"line":53,"column":33},"end":{"line":77,"column":1}},"line":53}},"branchMap":{"0":{"loc":{"start":{"line":9,"column":18},"end":{"line":9,"column":50}},"type":"binary-expr","locations":[{"start":{"line":9,"column":18},"end":{"line":9,"column":39}},{"start":{"line":9,"column":43},"end":{"line":9,"column":50}}],"line":9},"1":{"loc":{"start":{"line":10,"column":19},"end":{"line":10,"column":57}},"type":"binary-expr","locations":[{"start":{"line":10,"column":19},"end":{"line":10,"column":41}},{"start":{"line":10,"column":45},"end":{"line":10,"column":57}}],"line":10}},"s":{"0":0,"1":0,"2":0,"3":0,"4":0,"5":0,"6":0,"7":0,"8":0,"9":0,"10":0,"11":0,"12":0,"13":0,"14":0,"15":0,"16":0,"17":0},"f":{"0":0,"1":0,"2":0},"b":{"0":[0,0],"1":[0,0]},"inputSourceMap":null}
,"C:\\Users\\rio\\Desktop\\My Files\\Work Desk\\NITinder\\server\\controllers\\auth.js": {"path":"C:\\Users\\rio\\Desktop\\My Files\\Work Desk\\NITinder\\server\\controllers\\auth.js","statementMap":{"0":{"start":{"line":11,"column":22},"end":{"line":11,"column":32}},"1":{"start":{"line":13,"column":0},"end":{"line":41,"column":3}},"2":{"start":{"line":14,"column":2},"end":{"line":40,"column":3}},"3":{"start":{"line":15,"column":18},"end":{"line":15,"column":40}},"4":{"start":{"line":16,"column":21},"end":{"line":16,"column":46}},"5":{"start":{"line":17,"column":4},"end":{"line":18,"column":77}},"6":{"start":{"line":18,"column":6},"end":{"line":18,"column":77}},"7":{"start":{"line":20,"column":17},"end":{"line":22,"column":21}},"8":{"start":{"line":23,"column":4},"end":{"line":23,"column":78}},"9":{"start":{"line":23,"column":15},"end":{"line":23,"column":78}},"10":{"start":{"line":25,"column":4},"end":{"line":26,"column":69}},"11":{"start":{"line":26,"column":6},"end":{"line":26,"column":69}},"12":{"start":{"line":27,"column":21},"end":{"line":29,"column":32}},"13":{"start":{"line":30,"column":4},"end":{"line":36,"column":9}},"14":{"start":{"line":38,"column":4},"end":{"line":38,"column":56}},"15":{"start":{"line":39,"column":4},"end":{"line":39,"column":71}},"16":{"start":{"line":43,"column":0},"end":{"line":78,"column":3}},"17":{"start":{"line":44,"column":2},"end":{"line":77,"column":3}},"18":{"start":{"line":45,"column":18},"end":{"line":45,"column":40}},"19":{"start":{"line":46,"column":21},"end":{"line":46,"column":46}},"20":{"start":{"line":47,"column":22},"end":{"line":47,"column":48}},"21":{"start":{"line":48,"column":21},"end":{"line":48,"column":46}},"22":{"start":{"line":50,"column":4},"end":{"line":51,"column":73}},"23":{"start":{"line":51,"column":6},"end":{"line":51,"column":73}},"24":{"start":{"line":53,"column":18},"end":{"line":55,"column":61}},"25":{"start":{"line":56,"column":4},"end":{"line":61,"column":7}},"26":{"start":{"line":63,"column":4},"end":{"line":65,"column":7}},"27":{"start":{"line":67,"column":4},"end":{"line":73,"column":5}},"28":{"start":{"line":68,"column":6},"end":{"line":68,"column":64}},"29":{"start":{"line":69,"column":6},"end":{"line":72,"column":7}},"30":{"start":{"line":70,"column":8},"end":{"line":70,"column":64}},"31":{"start":{"line":71,"column":8},"end":{"line":71,"column":15}},"32":{"start":{"line":75,"column":4},"end":{"line":75,"column":63}},"33":{"start":{"line":76,"column":4},"end":{"line":76,"column":71}},"34":{"start":{"line":80,"column":0},"end":{"line":94,"column":3}},"35":{"start":{"line":81,"column":2},"end":{"line":92,"column":3}},"36":{"start":{"line":91,"column":4},"end":{"line":91,"column":45}},"37":{"start":{"line":93,"column":2},"end":{"line":93,"column":63}}},"fnMap":{"0":{"name":"(anonymous_0)","decl":{"start":{"line":13,"column":22},"end":{"line":13,"column":23}},"loc":{"start":{"line":13,"column":42},"end":{"line":41,"column":1}},"line":13},"1":{"name":"(anonymous_1)","decl":{"start":{"line":43,"column":25},"end":{"line":43,"column":26}},"loc":{"start":{"line":43,"column":45},"end":{"line":78,"column":1}},"line":43},"2":{"name":"(anonymous_2)","decl":{"start":{"line":80,"column":22},"end":{"line":80,"column":23}},"loc":{"start":{"line":80,"column":42},"end":{"line":94,"column":1}},"line":80}},"branchMap":{"0":{"loc":{"start":{"line":17,"column":4},"end":{"line":18,"column":77}},"type":"if","locations":[{"start":{"line":17,"column":4},"end":{"line":18,"column":77}},{"start":{},"end":{}}],"line":17},"1":{"loc":{"start":{"line":17,"column":8},"end":{"line":17,"column":27}},"type":"binary-expr","locations":[{"start":{"line":17,"column":8},"end":{"line":17,"column":14}},{"start":{"line":17,"column":18},"end":{"line":17,"column":27}}],"line":17},"2":{"loc":{"start":{"line":23,"column":4},"end":{"line":23,"column":78}},"type":"if","locations":[{"start":{"line":23,"column":4},"end":{"line":23,"column":78}},{"start":{},"end":{}}],"line":23},"3":{"loc":{"start":{"line":25,"column":4},"end":{"line":26,"column":69}},"type":"if","locations":[{"start":{"line":25,"column":4},"end":{"line":26,"column":69}},{"start":{},"end":{}}],"line":25},"4":{"loc":{"start":{"line":50,"column":4},"end":{"line":51,"column":73}},"type":"if","locations":[{"start":{"line":50,"column":4},"end":{"line":51,"column":73}},{"start":{},"end":{}}],"line":50},"5":{"loc":{"start":{"line":50,"column":8},"end":{"line":50,"column":54}},"type":"binary-expr","locations":[{"start":{"line":50,"column":8},"end":{"line":50,"column":14}},{"start":{"line":50,"column":18},"end":{"line":50,"column":27}},{"start":{"line":50,"column":31},"end":{"line":50,"column":41}},{"start":{"line":50,"column":45},"end":{"line":50,"column":54}}],"line":50},"6":{"loc":{"start":{"line":67,"column":4},"end":{"line":73,"column":5}},"type":"if","locations":[{"start":{"line":67,"column":4},"end":{"line":73,"column":5}},{"start":{},"end":{}}],"line":67},"7":{"loc":{"start":{"line":69,"column":6},"end":{"line":72,"column":7}},"type":"if","locations":[{"start":{"line":69,"column":6},"end":{"line":72,"column":7}},{"start":{},"end":{}}],"line":69},"8":{"loc":{"start":{"line":81,"column":2},"end":{"line":92,"column":3}},"type":"if","locations":[{"start":{"line":81,"column":2},"end":{"line":92,"column":3}},{"start":{},"end":{}}],"line":81}},"s":{"0":1,"1":1,"2":6,"3":6,"4":6,"5":6,"6":2,"7":4,"8":3,"9":1,"10":2,"11":1,"12":1,"13":1,"14":1,"15":1,"16":1,"17":7,"18":7,"19":7,"20":7,"21":7,"22":7,"23":4,"24":3,"25":3,"26":1,"27":2,"28":1,"29":1,"30":1,"31":1,"32":1,"33":1,"34":1,"35":1,"36":0,"37":1},"f":{"0":6,"1":7,"2":1},"b":{"0":[2,4],"1":[6,5],"2":[1,2],"3":[1,1],"4":[4,3],"5":[7,6,5,4],"6":[1,1],"7":[1,0],"8":[0,1]},"inputSourceMap":null,"_coverageSchema":"1a1c01bbd47fc00a2c39e90264f33305004495a9","hash":"72274e02c0361cb4e9b5f89203aed914c256529a"}
,"C:\\Users\\rio\\Desktop\\My Files\\Work Desk\\NITinder\\server\\controllers\\conversation.js": {"path":"C:\\Users\\rio\\Desktop\\My Files\\Work Desk\\NITinder\\server\\controllers\\conversation.js","statementMap":{"0":{"start":{"line":5,"column":22},"end":{"line":5,"column":32}},"1":{"start":{"line":9,"column":0},"end":{"line":57,"column":3}},"2":{"start":{"line":10,"column":2},"end":{"line":56,"column":3}},"3":{"start":{"line":11,"column":19},"end":{"line":11,"column":38}},"4":{"start":{"line":13,"column":26},"end":{"line":33,"column":22}},"5":{"start":{"line":35,"column":35},"end":{"line":50,"column":6}},"6":{"start":{"line":37,"column":8},"end":{"line":37,"column":64}},"7":{"start":{"line":39,"column":8},"end":{"line":39,"column":68}},"8":{"start":{"line":41,"column":6},"end":{"line":49,"column":8}},"9":{"start":{"line":52,"column":4},"end":{"line":52,"column":44}},"10":{"start":{"line":54,"column":4},"end":{"line":54,"column":64}},"11":{"start":{"line":55,"column":4},"end":{"line":55,"column":80}},"12":{"start":{"line":61,"column":0},"end":{"line":118,"column":3}},"13":{"start":{"line":62,"column":2},"end":{"line":117,"column":3}},"14":{"start":{"line":63,"column":27},"end":{"line":63,"column":60}},"15":{"start":{"line":64,"column":19},"end":{"line":64,"column":38}},"16":{"start":{"line":66,"column":4},"end":{"line":68,"column":5}},"17":{"start":{"line":67,"column":6},"end":{"line":67,"column":74}},"18":{"start":{"line":71,"column":25},"end":{"line":78,"column":38}},"19":{"start":{"line":80,"column":4},"end":{"line":84,"column":5}},"20":{"start":{"line":81,"column":6},"end":{"line":83,"column":9}},"21":{"start":{"line":87,"column":6},"end":{"line":89,"column":31}},"22":{"start":{"line":91,"column":21},"end":{"line":99,"column":30}},"23":{"start":{"line":101,"column":4},"end":{"line":113,"column":7}},"24":{"start":{"line":106,"column":39},"end":{"line":112,"column":7}},"25":{"start":{"line":115,"column":4},"end":{"line":115,"column":63}},"26":{"start":{"line":116,"column":4},"end":{"line":116,"column":79}},"27":{"start":{"line":122,"column":0},"end":{"line":182,"column":3}},"28":{"start":{"line":123,"column":2},"end":{"line":181,"column":3}},"29":{"start":{"line":124,"column":20},"end":{"line":124,"column":45}},"30":{"start":{"line":125,"column":19},"end":{"line":125,"column":38}},"31":{"start":{"line":127,"column":4},"end":{"line":129,"column":5}},"32":{"start":{"line":128,"column":6},"end":{"line":128,"column":67}},"33":{"start":{"line":132,"column":18},"end":{"line":137,"column":31}},"34":{"start":{"line":139,"column":4},"end":{"line":143,"column":5}},"35":{"start":{"line":140,"column":6},"end":{"line":142,"column":9}},"36":{"start":{"line":146,"column":33},"end":{"line":148,"column":23}},"37":{"start":{"line":150,"column":4},"end":{"line":154,"column":5}},"38":{"start":{"line":151,"column":6},"end":{"line":153,"column":9}},"39":{"start":{"line":156,"column":27},"end":{"line":156,"column":33}},"40":{"start":{"line":157,"column":4},"end":{"line":164,"column":7}},"41":{"start":{"line":166,"column":25},"end":{"line":168,"column":34}},"42":{"start":{"line":170,"column":4},"end":{"line":177,"column":7}},"43":{"start":{"line":179,"column":4},"end":{"line":179,"column":61}},"44":{"start":{"line":180,"column":4},"end":{"line":180,"column":77}},"45":{"start":{"line":186,"column":0},"end":{"line":229,"column":3}},"46":{"start":{"line":187,"column":2},"end":{"line":228,"column":3}},"47":{"start":{"line":188,"column":27},"end":{"line":188,"column":60}},"48":{"start":{"line":189,"column":19},"end":{"line":189,"column":38}},"49":{"start":{"line":191,"column":4},"end":{"line":193,"column":5}},"50":{"start":{"line":192,"column":6},"end":{"line":192,"column":74}},"51":{"start":{"line":196,"column":25},"end":{"line":202,"column":38}},"52":{"start":{"line":204,"column":4},"end":{"line":208,"column":5}},"53":{"start":{"line":205,"column":6},"end":{"line":207,"column":9}},"54":{"start":{"line":211,"column":4},"end":{"line":217,"column":7}},"55":{"start":{"line":220,"column":4},"end":{"line":222,"column":7}},"56":{"start":{"line":224,"column":4},"end":{"line":224,"column":57}},"57":{"start":{"line":226,"column":4},"end":{"line":226,"column":61}},"58":{"start":{"line":227,"column":4},"end":{"line":227,"column":77}}},"fnMap":{"0":{"name":"(anonymous_0)","decl":{"start":{"line":9,"column":16},"end":{"line":9,"column":17}},"loc":{"start":{"line":9,"column":36},"end":{"line":57,"column":1}},"line":9},"1":{"name":"(anonymous_1)","decl":{"start":{"line":35,"column":53},"end":{"line":35,"column":54}},"loc":{"start":{"line":35,"column":63},"end":{"line":50,"column":5}},"line":35},"2":{"name":"(anonymous_2)","decl":{"start":{"line":61,"column":31},"end":{"line":61,"column":32}},"loc":{"start":{"line":61,"column":51},"end":{"line":118,"column":1}},"line":61},"3":{"name":"(anonymous_3)","decl":{"start":{"line":106,"column":29},"end":{"line":106,"column":30}},"loc":{"start":{"line":106,"column":39},"end":{"line":112,"column":7}},"line":106},"4":{"name":"(anonymous_4)","decl":{"start":{"line":122,"column":17},"end":{"line":122,"column":18}},"loc":{"start":{"line":122,"column":37},"end":{"line":182,"column":1}},"line":122},"5":{"name":"(anonymous_5)","decl":{"start":{"line":186,"column":34},"end":{"line":186,"column":35}},"loc":{"start":{"line":186,"column":54},"end":{"line":229,"column":1}},"line":186}},"branchMap":{"0":{"loc":{"start":{"line":37,"column":8},"end":{"line":37,"column":64}},"type":"cond-expr","locations":[{"start":{"line":37,"column":35},"end":{"line":37,"column":48}},{"start":{"line":37,"column":51},"end":{"line":37,"column":64}}],"line":37},"1":{"loc":{"start":{"line":39,"column":8},"end":{"line":39,"column":68}},"type":"cond-expr","locations":[{"start":{"line":39,"column":35},"end":{"line":39,"column":50}},{"start":{"line":39,"column":53},"end":{"line":39,"column":68}}],"line":39},"2":{"loc":{"start":{"line":66,"column":4},"end":{"line":68,"column":5}},"type":"if","locations":[{"start":{"line":66,"column":4},"end":{"line":68,"column":5}},{"start":{},"end":{}}],"line":66},"3":{"loc":{"start":{"line":80,"column":4},"end":{"line":84,"column":5}},"type":"if","locations":[{"start":{"line":80,"column":4},"end":{"line":84,"column":5}},{"start":{},"end":{}}],"line":80},"4":{"loc":{"start":{"line":87,"column":6},"end":{"line":89,"column":31}},"type":"cond-expr","locations":[{"start":{"line":88,"column":10},"end":{"line":88,"column":31}},{"start":{"line":89,"column":10},"end":{"line":89,"column":31}}],"line":87},"5":{"loc":{"start":{"line":127,"column":4},"end":{"line":129,"column":5}},"type":"if","locations":[{"start":{"line":127,"column":4},"end":{"line":129,"column":5}},{"start":{},"end":{}}],"line":127},"6":{"loc":{"start":{"line":139,"column":4},"end":{"line":143,"column":5}},"type":"if","locations":[{"start":{"line":139,"column":4},"end":{"line":143,"column":5}},{"start":{},"end":{}}],"line":139},"7":{"loc":{"start":{"line":150,"column":4},"end":{"line":154,"column":5}},"type":"if","locations":[{"start":{"line":150,"column":4},"end":{"line":154,"column":5}},{"start":{},"end":{}}],"line":150},"8":{"loc":{"start":{"line":191,"column":4},"end":{"line":193,"column":5}},"type":"if","locations":[{"start":{"line":191,"column":4},"end":{"line":193,"column":5}},{"start":{},"end":{}}],"line":191},"9":{"loc":{"start":{"line":204,"column":4},"end":{"line":208,"column":5}},"type":"if","locations":[{"start":{"line":204,"column":4},"end":{"line":208,"column":5}},{"start":{},"end":{}}],"line":204}},"s":{"0":1,"1":1,"2":3,"3":3,"4":3,"5":2,"6":1,"7":1,"8":1,"9":2,"10":1,"11":1,"12":1,"13":4,"14":4,"15":4,"16":4,"17":0,"18":4,"19":3,"20":2,"21":1,"22":1,"23":1,"24":1,"25":1,"26":1,"27":1,"28":5,"29":5,"30":5,"31":5,"32":1,"33":4,"34":3,"35":1,"36":2,"37":2,"38":1,"39":1,"40":1,"41":1,"42":1,"43":1,"44":1,"45":1,"46":2,"47":2,"48":2,"49":2,"50":0,"51":2,"52":2,"53":1,"54":1,"55":1,"56":1,"57":0,"58":0},"f":{"0":3,"1":1,"2":4,"3":1,"4":5,"5":2},"b":{"0":[1,0],"1":[1,0],"2":[0,4],"3":[2,1],"4":[1,0],"5":[1,4],"6":[1,2],"7":[1,1],"8":[0,2],"9":[1,1]},"inputSourceMap":null,"_coverageSchema":"1a1c01bbd47fc00a2c39e90264f33305004495a9","hash":"07ec78e70f8e25269cceafaba64fdc308d6e3001"}
,"C:\\Users\\rio\\Desktop\\My Files\\Work Desk\\NITinder\\server\\controllers\\match.js": {"path":"C:\\Users\\rio\\Desktop\\My Files\\Work Desk\\NITinder\\server\\controllers\\match.js","statementMap":{"0":{"start":{"line":4,"column":22},"end":{"line":4,"column":32}},"1":{"start":{"line":8,"column":0},"end":{"line":65,"column":3}},"2":{"start":{"line":9,"column":2},"end":{"line":64,"column":3}},"3":{"start":{"line":10,"column":20},"end":{"line":10,"column":46}},"4":{"start":{"line":11,"column":4},"end":{"line":13,"column":5}},"5":{"start":{"line":12,"column":6},"end":{"line":12,"column":67}},"6":{"start":{"line":15,"column":18},"end":{"line":35,"column":23}},"7":{"start":{"line":37,"column":4},"end":{"line":39,"column":5}},"8":{"start":{"line":38,"column":6},"end":{"line":38,"column":65}},"9":{"start":{"line":41,"column":4},"end":{"line":60,"column":7}},"10":{"start":{"line":62,"column":4},"end":{"line":62,"column":56}},"11":{"start":{"line":63,"column":4},"end":{"line":63,"column":72}},"12":{"start":{"line":69,"column":0},"end":{"line":165,"column":3}},"13":{"start":{"line":70,"column":2},"end":{"line":164,"column":3}},"14":{"start":{"line":71,"column":20},"end":{"line":71,"column":46}},"15":{"start":{"line":72,"column":4},"end":{"line":74,"column":5}},"16":{"start":{"line":73,"column":6},"end":{"line":73,"column":67}},"17":{"start":{"line":76,"column":19},"end":{"line":76,"column":38}},"18":{"start":{"line":79,"column":18},"end":{"line":84,"column":31}},"19":{"start":{"line":86,"column":4},"end":{"line":90,"column":5}},"20":{"start":{"line":87,"column":6},"end":{"line":89,"column":9}},"21":{"start":{"line":93,"column":32},"end":{"line":93,"column":40}},"22":{"start":{"line":95,"column":4},"end":{"line":113,"column":5}},"23":{"start":{"line":96,"column":22},"end":{"line":96,"column":24}},"24":{"start":{"line":97,"column":21},"end":{"line":97,"column":32}},"25":{"start":{"line":99,"column":6},"end":{"line":102,"column":7}},"26":{"start":{"line":100,"column":8},"end":{"line":100,"column":39}},"27":{"start":{"line":101,"column":8},"end":{"line":101,"column":51}},"28":{"start":{"line":104,"column":6},"end":{"line":107,"column":7}},"29":{"start":{"line":105,"column":8},"end":{"line":105,"column":45}},"30":{"start":{"line":106,"column":8},"end":{"line":106,"column":43}},"31":{"start":{"line":109,"column":6},"end":{"line":112,"column":7}},"32":{"start":{"line":110,"column":28},"end":{"line":110,"column":90}},"33":{"start":{"line":111,"column":8},"end":{"line":111,"column":44}},"34":{"start":{"line":116,"column":25},"end":{"line":136,"column":23}},"35":{"start":{"line":138,"column":4},"end":{"line":160,"column":7}},"36":{"start":{"line":162,"column":4},"end":{"line":162,"column":54}},"37":{"start":{"line":163,"column":4},"end":{"line":163,"column":70}}},"fnMap":{"0":{"name":"(anonymous_0)","decl":{"start":{"line":8,"column":24},"end":{"line":8,"column":25}},"loc":{"start":{"line":8,"column":44},"end":{"line":65,"column":1}},"line":8},"1":{"name":"(anonymous_1)","decl":{"start":{"line":69,"column":24},"end":{"line":69,"column":25}},"loc":{"start":{"line":69,"column":44},"end":{"line":165,"column":1}},"line":69}},"branchMap":{"0":{"loc":{"start":{"line":11,"column":4},"end":{"line":13,"column":5}},"type":"if","locations":[{"start":{"line":11,"column":4},"end":{"line":13,"column":5}},{"start":{},"end":{}}],"line":11},"1":{"loc":{"start":{"line":37,"column":4},"end":{"line":39,"column":5}},"type":"if","locations":[{"start":{"line":37,"column":4},"end":{"line":39,"column":5}},{"start":{},"end":{}}],"line":37},"2":{"loc":{"start":{"line":72,"column":4},"end":{"line":74,"column":5}},"type":"if","locations":[{"start":{"line":72,"column":4},"end":{"line":74,"column":5}},{"start":{},"end":{}}],"line":72},"3":{"loc":{"start":{"line":86,"column":4},"end":{"line":90,"column":5}},"type":"if","locations":[{"start":{"line":86,"column":4},"end":{"line":90,"column":5}},{"start":{},"end":{}}],"line":86},"4":{"loc":{"start":{"line":95,"column":4},"end":{"line":113,"column":5}},"type":"if","locations":[{"start":{"line":95,"column":4},"end":{"line":113,"column":5}},{"start":{},"end":{}}],"line":95},"5":{"loc":{"start":{"line":95,"column":8},"end":{"line":95,"column":53}},"type":"binary-expr","locations":[{"start":{"line":95,"column":8},"end":{"line":95,"column":27}},{"start":{"line":95,"column":31},"end":{"line":95,"column":53}}],"line":95},"6":{"loc":{"start":{"line":99,"column":6},"end":{"line":102,"column":7}},"type":"if","locations":[{"start":{"line":99,"column":6},"end":{"line":102,"column":7}},{"start":{},"end":{}}],"line":99},"7":{"loc":{"start":{"line":101,"column":23},"end":{"line":101,"column":50}},"type":"cond-expr","locations":[{"start":{"line":101,"column":31},"end":{"line":101,"column":43}},{"start":{"line":101,"column":46},"end":{"line":101,"column":50}}],"line":101},"8":{"loc":{"start":{"line":104,"column":6},"end":{"line":107,"column":7}},"type":"if","locations":[{"start":{"line":104,"column":6},"end":{"line":107,"column":7}},{"start":{},"end":{}}],"line":104},"9":{"loc":{"start":{"line":106,"column":26},"end":{"line":106,"column":42}},"type":"cond-expr","locations":[{"start":{"line":106,"column":37},"end":{"line":106,"column":38}},{"start":{"line":106,"column":41},"end":{"line":106,"column":42}}],"line":106},"10":{"loc":{"start":{"line":109,"column":6},"end":{"line":112,"column":7}},"type":"if","locations":[{"start":{"line":109,"column":6},"end":{"line":112,"column":7}},{"start":{},"end":{}}],"line":109}},"s":{"0":1,"1":1,"2":3,"3":3,"4":3,"5":0,"6":3,"7":2,"8":1,"9":1,"10":1,"11":1,"12":1,"13":5,"14":5,"15":5,"16":0,"17":5,"18":5,"19":4,"20":1,"21":3,"22":3,"23":3,"24":3,"25":3,"26":2,"27":2,"28":3,"29":2,"30":2,"31":3,"32":3,"33":3,"34":3,"35":3,"36":1,"37":1},"f":{"0":3,"1":5},"b":{"0":[0,3],"1":[1,1],"2":[0,5],"3":[1,3],"4":[3,0],"5":[3,1],"6":[2,1],"7":[2,0],"8":[2,1],"9":[2,0],"10":[3,0]},"inputSourceMap":null,"_coverageSchema":"1a1c01bbd47fc00a2c39e90264f33305004495a9","hash":"b06fe86eb62a88811fa9955815ba7bcaa16c43de"}
,"C:\\Users\\rio\\Desktop\\My Files\\Work Desk\\NITinder\\server\\controllers\\message.js": {"path":"C:\\Users\\rio\\Desktop\\My Files\\Work Desk\\NITinder\\server\\controllers\\message.js","statementMap":{"0":{"start":{"line":5,"column":22},"end":{"line":5,"column":32}},"1":{"start":{"line":9,"column":0},"end":{"line":76,"column":3}},"2":{"start":{"line":10,"column":2},"end":{"line":75,"column":3}},"3":{"start":{"line":11,"column":27},"end":{"line":11,"column":60}},"4":{"start":{"line":12,"column":19},"end":{"line":12,"column":38}},"5":{"start":{"line":13,"column":20},"end":{"line":13,"column":44}},"6":{"start":{"line":15,"column":4},"end":{"line":17,"column":5}},"7":{"start":{"line":16,"column":6},"end":{"line":16,"column":74}},"8":{"start":{"line":19,"column":4},"end":{"line":21,"column":5}},"9":{"start":{"line":20,"column":6},"end":{"line":20,"column":74}},"10":{"start":{"line":24,"column":25},"end":{"line":30,"column":38}},"11":{"start":{"line":32,"column":4},"end":{"line":36,"column":5}},"12":{"start":{"line":33,"column":6},"end":{"line":35,"column":9}},"13":{"start":{"line":38,"column":22},"end":{"line":38,"column":28}},"14":{"start":{"line":39,"column":22},"end":{"line":39,"column":46}},"15":{"start":{"line":41,"column":4},"end":{"line":50,"column":7}},"16":{"start":{"line":52,"column":20},"end":{"line":59,"column":29}},"17":{"start":{"line":61,"column":4},"end":{"line":71,"column":7}},"18":{"start":{"line":73,"column":4},"end":{"line":73,"column":55}},"19":{"start":{"line":74,"column":4},"end":{"line":74,"column":70}},"20":{"start":{"line":80,"column":0},"end":{"line":142,"column":3}},"21":{"start":{"line":81,"column":2},"end":{"line":141,"column":3}},"22":{"start":{"line":82,"column":27},"end":{"line":82,"column":60}},"23":{"start":{"line":83,"column":19},"end":{"line":83,"column":38}},"24":{"start":{"line":84,"column":18},"end":{"line":84,"column":64}},"25":{"start":{"line":85,"column":19},"end":{"line":85,"column":50}},"26":{"start":{"line":87,"column":4},"end":{"line":89,"column":5}},"27":{"start":{"line":88,"column":6},"end":{"line":88,"column":74}},"28":{"start":{"line":92,"column":25},"end":{"line":98,"column":38}},"29":{"start":{"line":100,"column":4},"end":{"line":104,"column":5}},"30":{"start":{"line":101,"column":6},"end":{"line":103,"column":9}},"31":{"start":{"line":106,"column":21},"end":{"line":115,"column":45}},"32":{"start":{"line":117,"column":23},"end":{"line":122,"column":30}},"33":{"start":{"line":124,"column":4},"end":{"line":137,"column":7}},"34":{"start":{"line":125,"column":39},"end":{"line":131,"column":7}},"35":{"start":{"line":139,"column":4},"end":{"line":139,"column":59}},"36":{"start":{"line":140,"column":4},"end":{"line":140,"column":75}},"37":{"start":{"line":146,"column":0},"end":{"line":203,"column":3}},"38":{"start":{"line":147,"column":2},"end":{"line":202,"column":3}},"39":{"start":{"line":148,"column":22},"end":{"line":148,"column":50}},"40":{"start":{"line":149,"column":19},"end":{"line":149,"column":38}},"41":{"start":{"line":150,"column":20},"end":{"line":150,"column":44}},"42":{"start":{"line":152,"column":4},"end":{"line":154,"column":5}},"43":{"start":{"line":153,"column":6},"end":{"line":153,"column":69}},"44":{"start":{"line":156,"column":4},"end":{"line":158,"column":5}},"45":{"start":{"line":157,"column":6},"end":{"line":157,"column":74}},"46":{"start":{"line":161,"column":20},"end":{"line":165,"column":33}},"47":{"start":{"line":167,"column":4},"end":{"line":171,"column":5}},"48":{"start":{"line":168,"column":6},"end":{"line":170,"column":9}},"49":{"start":{"line":173,"column":4},"end":{"line":178,"column":6}},"50":{"start":{"line":180,"column":27},"end":{"line":187,"column":29}},"51":{"start":{"line":189,"column":4},"end":{"line":198,"column":7}},"52":{"start":{"line":200,"column":4},"end":{"line":200,"column":56}},"53":{"start":{"line":201,"column":4},"end":{"line":201,"column":72}},"54":{"start":{"line":207,"column":0},"end":{"line":241,"column":3}},"55":{"start":{"line":208,"column":2},"end":{"line":240,"column":3}},"56":{"start":{"line":209,"column":22},"end":{"line":209,"column":50}},"57":{"start":{"line":210,"column":19},"end":{"line":210,"column":38}},"58":{"start":{"line":212,"column":4},"end":{"line":214,"column":5}},"59":{"start":{"line":213,"column":6},"end":{"line":213,"column":69}},"60":{"start":{"line":217,"column":20},"end":{"line":221,"column":33}},"61":{"start":{"line":223,"column":4},"end":{"line":227,"column":5}},"62":{"start":{"line":224,"column":6},"end":{"line":226,"column":9}},"63":{"start":{"line":229,"column":4},"end":{"line":234,"column":7}},"64":{"start":{"line":236,"column":4},"end":{"line":236,"column":52}},"65":{"start":{"line":238,"column":4},"end":{"line":238,"column":56}},"66":{"start":{"line":239,"column":4},"end":{"line":239,"column":72}}},"fnMap":{"0":{"name":"(anonymous_0)","decl":{"start":{"line":9,"column":41},"end":{"line":9,"column":42}},"loc":{"start":{"line":9,"column":61},"end":{"line":76,"column":1}},"line":9},"1":{"name":"(anonymous_1)","decl":{"start":{"line":80,"column":40},"end":{"line":80,"column":41}},"loc":{"start":{"line":80,"column":60},"end":{"line":142,"column":1}},"line":80},"2":{"name":"(anonymous_2)","decl":{"start":{"line":125,"column":29},"end":{"line":125,"column":30}},"loc":{"start":{"line":125,"column":39},"end":{"line":131,"column":7}},"line":125},"3":{"name":"(anonymous_3)","decl":{"start":{"line":146,"column":26},"end":{"line":146,"column":27}},"loc":{"start":{"line":146,"column":46},"end":{"line":203,"column":1}},"line":146},"4":{"name":"(anonymous_4)","decl":{"start":{"line":207,"column":29},"end":{"line":207,"column":30}},"loc":{"start":{"line":207,"column":49},"end":{"line":241,"column":1}},"line":207}},"branchMap":{"0":{"loc":{"start":{"line":15,"column":4},"end":{"line":17,"column":5}},"type":"if","locations":[{"start":{"line":15,"column":4},"end":{"line":17,"column":5}},{"start":{},"end":{}}],"line":15},"1":{"loc":{"start":{"line":19,"column":4},"end":{"line":21,"column":5}},"type":"if","locations":[{"start":{"line":19,"column":4},"end":{"line":21,"column":5}},{"start":{},"end":{}}],"line":19},"2":{"loc":{"start":{"line":32,"column":4},"end":{"line":36,"column":5}},"type":"if","locations":[{"start":{"line":32,"column":4},"end":{"line":36,"column":5}},{"start":{},"end":{}}],"line":32},"3":{"loc":{"start":{"line":84,"column":27},"end":{"line":84,"column":58}},"type":"binary-expr","locations":[{"start":{"line":84,"column":27},"end":{"line":84,"column":52}},{"start":{"line":84,"column":56},"end":{"line":84,"column":58}}],"line":84},"4":{"loc":{"start":{"line":85,"column":19},"end":{"line":85,"column":50}},"type":"binary-expr","locations":[{"start":{"line":85,"column":19},"end":{"line":85,"column":45}},{"start":{"line":85,"column":49},"end":{"line":85,"column":50}}],"line":85},"5":{"loc":{"start":{"line":87,"column":4},"end":{"line":89,"column":5}},"type":"if","locations":[{"start":{"line":87,"column":4},"end":{"line":89,"column":5}},{"start":{},"end":{}}],"line":87},"6":{"loc":{"start":{"line":100,"column":4},"end":{"line":104,"column":5}},"type":"if","locations":[{"start":{"line":100,"column":4},"end":{"line":104,"column":5}},{"start":{},"end":{}}],"line":100},"7":{"loc":{"start":{"line":152,"column":4},"end":{"line":154,"column":5}},"type":"if","locations":[{"start":{"line":152,"column":4},"end":{"line":154,"column":5}},{"start":{},"end":{}}],"line":152},"8":{"loc":{"start":{"line":156,"column":4},"end":{"line":158,"column":5}},"type":"if","locations":[{"start":{"line":156,"column":4},"end":{"line":158,"column":5}},{"start":{},"end":{}}],"line":156},"9":{"loc":{"start":{"line":167,"column":4},"end":{"line":171,"column":5}},"type":"if","locations":[{"start":{"line":167,"column":4},"end":{"line":171,"column":5}},{"start":{},"end":{}}],"line":167},"10":{"loc":{"start":{"line":212,"column":4},"end":{"line":214,"column":5}},"type":"if","locations":[{"start":{"line":212,"column":4},"end":{"line":214,"column":5}},{"start":{},"end":{}}],"line":212},"11":{"loc":{"start":{"line":223,"column":4},"end":{"line":227,"column":5}},"type":"if","locations":[{"start":{"line":223,"column":4},"end":{"line":227,"column":5}},{"start":{},"end":{}}],"line":223}},"s":{"0":1,"1":1,"2":5,"3":5,"4":5,"5":5,"6":5,"7":1,"8":4,"9":1,"10":3,"11":2,"12":1,"13":1,"14":1,"15":1,"16":1,"17":1,"18":1,"19":1,"20":1,"21":5,"22":5,"23":5,"24":5,"25":5,"26":5,"27":1,"28":4,"29":4,"30":1,"31":3,"32":3,"33":3,"34":2,"35":0,"36":0,"37":1,"38":5,"39":5,"40":5,"41":5,"42":5,"43":0,"44":5,"45":1,"46":4,"47":3,"48":2,"49":1,"50":1,"51":1,"52":1,"53":1,"54":1,"55":0,"56":0,"57":0,"58":0,"59":0,"60":0,"61":0,"62":0,"63":0,"64":0,"65":0,"66":0},"f":{"0":5,"1":5,"2":2,"3":5,"4":0},"b":{"0":[1,4],"1":[1,3],"2":[1,1],"3":[5,3],"4":[5,4],"5":[1,4],"6":[1,3],"7":[0,5],"8":[1,4],"9":[2,1],"10":[0,0],"11":[0,0]},"inputSourceMap":null,"_coverageSchema":"1a1c01bbd47fc00a2c39e90264f33305004495a9","hash":"37f12b67a0a004da498906cae5f82e0d729320d3"}
,"C:\\Users\\rio\\Desktop\\My Files\\Work Desk\\NITinder\\server\\controllers\\profile.js": {"path":"C:\\Users\\rio\\Desktop\\My Files\\Work Desk\\NITinder\\server\\controllers\\profile.js","statementMap":{"0":{"start":{"line":6,"column":22},"end":{"line":6,"column":32}},"1":{"start":{"line":8,"column":22},"end":{"line":17,"column":1}},"2":{"start":{"line":19,"column":0},"end":{"line":26,"column":3}},"3":{"start":{"line":20,"column":30},"end":{"line":20,"column":39}},"4":{"start":{"line":21,"column":16},"end":{"line":23,"column":42}},"5":{"start":{"line":24,"column":19},"end":{"line":24,"column":49}},"6":{"start":{"line":25,"column":2},"end":{"line":25,"column":32}},"7":{"start":{"line":28,"column":0},"end":{"line":36,"column":3}},"8":{"start":{"line":29,"column":18},"end":{"line":31,"column":31}},"9":{"start":{"line":32,"column":2},"end":{"line":34,"column":3}},"10":{"start":{"line":33,"column":4},"end":{"line":33,"column":65}},"11":{"start":{"line":35,"column":2},"end":{"line":35,"column":31}},"12":{"start":{"line":38,"column":0},"end":{"line":75,"column":3}},"13":{"start":{"line":39,"column":17},"end":{"line":39,"column":37}},"14":{"start":{"line":40,"column":2},"end":{"line":42,"column":3}},"15":{"start":{"line":41,"column":4},"end":{"line":41,"column":63}},"16":{"start":{"line":44,"column":19},"end":{"line":46,"column":29}},"17":{"start":{"line":47,"column":2},"end":{"line":49,"column":3}},"18":{"start":{"line":48,"column":4},"end":{"line":48,"column":70}},"19":{"start":{"line":51,"column":18},"end":{"line":56,"column":3}},"20":{"start":{"line":58,"column":2},"end":{"line":62,"column":3}},"21":{"start":{"line":59,"column":4},"end":{"line":61,"column":5}},"22":{"start":{"line":60,"column":6},"end":{"line":60,"column":39}},"23":{"start":{"line":64,"column":2},"end":{"line":72,"column":17}},"24":{"start":{"line":74,"column":2},"end":{"line":74,"column":52}},"25":{"start":{"line":77,"column":0},"end":{"line":120,"column":3}},"26":{"start":{"line":78,"column":17},"end":{"line":78,"column":37}},"27":{"start":{"line":79,"column":2},"end":{"line":81,"column":3}},"28":{"start":{"line":80,"column":4},"end":{"line":80,"column":63}},"29":{"start":{"line":83,"column":18},"end":{"line":85,"column":31}},"30":{"start":{"line":86,"column":2},"end":{"line":88,"column":3}},"31":{"start":{"line":87,"column":4},"end":{"line":87,"column":65}},"32":{"start":{"line":89,"column":2},"end":{"line":91,"column":3}},"33":{"start":{"line":90,"column":4},"end":{"line":90,"column":57}},"34":{"start":{"line":93,"column":18},"end":{"line":93,"column":20}},"35":{"start":{"line":94,"column":17},"end":{"line":97,"column":3}},"36":{"start":{"line":99,"column":2},"end":{"line":104,"column":3}},"37":{"start":{"line":100,"column":4},"end":{"line":103,"column":5}},"38":{"start":{"line":101,"column":6},"end":{"line":101,"column":43}},"39":{"start":{"line":102,"column":6},"end":{"line":102,"column":38}},"40":{"start":{"line":106,"column":2},"end":{"line":108,"column":3}},"41":{"start":{"line":107,"column":4},"end":{"line":107,"column":67}},"42":{"start":{"line":110,"column":2},"end":{"line":110,"column":43}},"43":{"start":{"line":112,"column":2},"end":{"line":114,"column":16}},"44":{"start":{"line":116,"column":18},"end":{"line":118,"column":31}},"45":{"start":{"line":119,"column":2},"end":{"line":119,"column":40}},"46":{"start":{"line":122,"column":0},"end":{"line":143,"column":3}},"47":{"start":{"line":123,"column":17},"end":{"line":123,"column":37}},"48":{"start":{"line":124,"column":2},"end":{"line":126,"column":3}},"49":{"start":{"line":125,"column":4},"end":{"line":125,"column":63}},"50":{"start":{"line":128,"column":18},"end":{"line":130,"column":31}},"51":{"start":{"line":131,"column":2},"end":{"line":133,"column":3}},"52":{"start":{"line":132,"column":4},"end":{"line":132,"column":65}},"53":{"start":{"line":134,"column":2},"end":{"line":136,"column":3}},"54":{"start":{"line":135,"column":4},"end":{"line":135,"column":57}},"55":{"start":{"line":138,"column":2},"end":{"line":140,"column":5}},"56":{"start":{"line":142,"column":2},"end":{"line":142,"column":50}}},"fnMap":{"0":{"name":"(anonymous_0)","decl":{"start":{"line":19,"column":16},"end":{"line":19,"column":17}},"loc":{"start":{"line":19,"column":30},"end":{"line":26,"column":1}},"line":19},"1":{"name":"(anonymous_1)","decl":{"start":{"line":28,"column":19},"end":{"line":28,"column":20}},"loc":{"start":{"line":28,"column":33},"end":{"line":36,"column":1}},"line":28},"2":{"name":"(anonymous_2)","decl":{"start":{"line":38,"column":17},"end":{"line":38,"column":18}},"loc":{"start":{"line":38,"column":31},"end":{"line":75,"column":1}},"line":38},"3":{"name":"(anonymous_3)","decl":{"start":{"line":77,"column":19},"end":{"line":77,"column":20}},"loc":{"start":{"line":77,"column":33},"end":{"line":120,"column":1}},"line":77},"4":{"name":"(anonymous_4)","decl":{"start":{"line":122,"column":22},"end":{"line":122,"column":23}},"loc":{"start":{"line":122,"column":36},"end":{"line":143,"column":1}},"line":122}},"branchMap":{"0":{"loc":{"start":{"line":21,"column":16},"end":{"line":23,"column":42}},"type":"cond-expr","locations":[{"start":{"line":22,"column":6},"end":{"line":22,"column":67}},{"start":{"line":23,"column":6},"end":{"line":23,"column":42}}],"line":21},"1":{"loc":{"start":{"line":32,"column":2},"end":{"line":34,"column":3}},"type":"if","locations":[{"start":{"line":32,"column":2},"end":{"line":34,"column":3}},{"start":{},"end":{}}],"line":32},"2":{"loc":{"start":{"line":40,"column":2},"end":{"line":42,"column":3}},"type":"if","locations":[{"start":{"line":40,"column":2},"end":{"line":42,"column":3}},{"start":{},"end":{}}],"line":40},"3":{"loc":{"start":{"line":47,"column":2},"end":{"line":49,"column":3}},"type":"if","locations":[{"start":{"line":47,"column":2},"end":{"line":49,"column":3}},{"start":{},"end":{}}],"line":47},"4":{"loc":{"start":{"line":59,"column":4},"end":{"line":61,"column":5}},"type":"if","locations":[{"start":{"line":59,"column":4},"end":{"line":61,"column":5}},{"start":{},"end":{}}],"line":59},"5":{"loc":{"start":{"line":79,"column":2},"end":{"line":81,"column":3}},"type":"if","locations":[{"start":{"line":79,"column":2},"end":{"line":81,"column":3}},{"start":{},"end":{}}],"line":79},"6":{"loc":{"start":{"line":86,"column":2},"end":{"line":88,"column":3}},"type":"if","locations":[{"start":{"line":86,"column":2},"end":{"line":88,"column":3}},{"start":{},"end":{}}],"line":86},"7":{"loc":{"start":{"line":89,"column":2},"end":{"line":91,"column":3}},"type":"if","locations":[{"start":{"line":89,"column":2},"end":{"line":91,"column":3}},{"start":{},"end":{}}],"line":89},"8":{"loc":{"start":{"line":100,"column":4},"end":{"line":103,"column":5}},"type":"if","locations":[{"start":{"line":100,"column":4},"end":{"line":103,"column":5}},{"start":{},"end":{}}],"line":100},"9":{"loc":{"start":{"line":106,"column":2},"end":{"line":108,"column":3}},"type":"if","locations":[{"start":{"line":106,"column":2},"end":{"line":108,"column":3}},{"start":{},"end":{}}],"line":106},"10":{"loc":{"start":{"line":124,"column":2},"end":{"line":126,"column":3}},"type":"if","locations":[{"start":{"line":124,"column":2},"end":{"line":126,"column":3}},{"start":{},"end":{}}],"line":124},"11":{"loc":{"start":{"line":131,"column":2},"end":{"line":133,"column":3}},"type":"if","locations":[{"start":{"line":131,"column":2},"end":{"line":133,"column":3}},{"start":{},"end":{}}],"line":131},"12":{"loc":{"start":{"line":134,"column":2},"end":{"line":136,"column":3}},"type":"if","locations":[{"start":{"line":134,"column":2},"end":{"line":136,"column":3}},{"start":{},"end":{}}],"line":134}},"s":{"0":1,"1":1,"2":1,"3":2,"4":2,"5":2,"6":2,"7":1,"8":2,"9":2,"10":1,"11":1,"12":1,"13":2,"14":2,"15":0,"16":2,"17":2,"18":1,"19":1,"20":1,"21":8,"22":5,"23":1,"24":1,"25":1,"26":4,"27":4,"28":0,"29":4,"30":4,"31":1,"32":3,"33":1,"34":2,"35":2,"36":2,"37":16,"38":2,"39":2,"40":2,"41":1,"42":1,"43":1,"44":1,"45":1,"46":1,"47":3,"48":3,"49":0,"50":3,"51":3,"52":1,"53":2,"54":1,"55":1,"56":1},"f":{"0":2,"1":2,"2":2,"3":4,"4":3},"b":{"0":[1,1],"1":[1,1],"2":[0,2],"3":[1,1],"4":[5,3],"5":[0,4],"6":[1,3],"7":[1,2],"8":[2,14],"9":[1,1],"10":[0,3],"11":[1,2],"12":[1,1]},"inputSourceMap":null,"_coverageSchema":"1a1c01bbd47fc00a2c39e90264f33305004495a9","hash":"4c2ae146577173d41f15f2cd1efd9e6d454c2aed"}
,"C:\\Users\\rio\\Desktop\\My Files\\Work Desk\\NITinder\\server\\controllers\\swipe.js": {"path":"C:\\Users\\rio\\Desktop\\My Files\\Work Desk\\NITinder\\server\\controllers\\swipe.js","statementMap":{"0":{"start":{"line":6,"column":22},"end":{"line":6,"column":32}},"1":{"start":{"line":8,"column":24},"end":{"line":8,"column":43}},"2":{"start":{"line":10,"column":0},"end":{"line":33,"column":3}},"3":{"start":{"line":11,"column":55},"end":{"line":11,"column":64}},"4":{"start":{"line":13,"column":14},"end":{"line":13,"column":36}},"5":{"start":{"line":14,"column":17},"end":{"line":14,"column":19}},"6":{"start":{"line":15,"column":18},"end":{"line":15,"column":20}},"7":{"start":{"line":17,"column":2},"end":{"line":20,"column":3}},"8":{"start":{"line":18,"column":4},"end":{"line":18,"column":43}},"9":{"start":{"line":19,"column":4},"end":{"line":19,"column":32}},"10":{"start":{"line":22,"column":2},"end":{"line":25,"column":3}},"11":{"start":{"line":23,"column":4},"end":{"line":23,"column":43}},"12":{"start":{"line":24,"column":4},"end":{"line":24,"column":32}},"13":{"start":{"line":27,"column":2},"end":{"line":29,"column":3}},"14":{"start":{"line":28,"column":4},"end":{"line":28,"column":47}},"15":{"start":{"line":31,"column":17},"end":{"line":31,"column":46}},"16":{"start":{"line":32,"column":2},"end":{"line":32,"column":30}},"17":{"start":{"line":35,"column":0},"end":{"line":45,"column":3}},"18":{"start":{"line":36,"column":16},"end":{"line":38,"column":31}},"19":{"start":{"line":40,"column":2},"end":{"line":42,"column":3}},"20":{"start":{"line":41,"column":4},"end":{"line":41,"column":63}},"21":{"start":{"line":44,"column":2},"end":{"line":44,"column":29}},"22":{"start":{"line":47,"column":0},"end":{"line":78,"column":3}},"23":{"start":{"line":48,"column":17},"end":{"line":48,"column":37}},"24":{"start":{"line":49,"column":2},"end":{"line":51,"column":3}},"25":{"start":{"line":50,"column":4},"end":{"line":50,"column":63}},"26":{"start":{"line":53,"column":19},"end":{"line":53,"column":45}},"27":{"start":{"line":54,"column":20},"end":{"line":54,"column":61}},"28":{"start":{"line":56,"column":2},"end":{"line":58,"column":3}},"29":{"start":{"line":57,"column":4},"end":{"line":57,"column":80}},"30":{"start":{"line":60,"column":2},"end":{"line":62,"column":3}},"31":{"start":{"line":61,"column":4},"end":{"line":61,"column":76}},"32":{"start":{"line":64,"column":18},"end":{"line":70,"column":3}},"33":{"start":{"line":72,"column":2},"end":{"line":75,"column":17}},"34":{"start":{"line":77,"column":2},"end":{"line":77,"column":50}},"35":{"start":{"line":80,"column":0},"end":{"line":100,"column":3}},"36":{"start":{"line":81,"column":17},"end":{"line":81,"column":37}},"37":{"start":{"line":82,"column":2},"end":{"line":84,"column":3}},"38":{"start":{"line":83,"column":4},"end":{"line":83,"column":63}},"39":{"start":{"line":86,"column":16},"end":{"line":88,"column":31}},"40":{"start":{"line":90,"column":2},"end":{"line":92,"column":3}},"41":{"start":{"line":91,"column":4},"end":{"line":91,"column":63}},"42":{"start":{"line":94,"column":2},"end":{"line":96,"column":3}},"43":{"start":{"line":95,"column":4},"end":{"line":95,"column":57}},"44":{"start":{"line":98,"column":2},"end":{"line":98,"column":77}},"45":{"start":{"line":99,"column":2},"end":{"line":99,"column":48}}},"fnMap":{"0":{"name":"(anonymous_0)","decl":{"start":{"line":10,"column":16},"end":{"line":10,"column":17}},"loc":{"start":{"line":10,"column":30},"end":{"line":33,"column":1}},"line":10},"1":{"name":"(anonymous_1)","decl":{"start":{"line":35,"column":19},"end":{"line":35,"column":20}},"loc":{"start":{"line":35,"column":33},"end":{"line":45,"column":1}},"line":35},"2":{"name":"(anonymous_2)","decl":{"start":{"line":47,"column":17},"end":{"line":47,"column":18}},"loc":{"start":{"line":47,"column":31},"end":{"line":78,"column":1}},"line":47},"3":{"name":"(anonymous_3)","decl":{"start":{"line":80,"column":22},"end":{"line":80,"column":23}},"loc":{"start":{"line":80,"column":36},"end":{"line":100,"column":1}},"line":80}},"branchMap":{"0":{"loc":{"start":{"line":17,"column":2},"end":{"line":20,"column":3}},"type":"if","locations":[{"start":{"line":17,"column":2},"end":{"line":20,"column":3}},{"start":{},"end":{}}],"line":17},"1":{"loc":{"start":{"line":22,"column":2},"end":{"line":25,"column":3}},"type":"if","locations":[{"start":{"line":22,"column":2},"end":{"line":25,"column":3}},{"start":{},"end":{}}],"line":22},"2":{"loc":{"start":{"line":27,"column":2},"end":{"line":29,"column":3}},"type":"if","locations":[{"start":{"line":27,"column":2},"end":{"line":29,"column":3}},{"start":{},"end":{}}],"line":27},"3":{"loc":{"start":{"line":40,"column":2},"end":{"line":42,"column":3}},"type":"if","locations":[{"start":{"line":40,"column":2},"end":{"line":42,"column":3}},{"start":{},"end":{}}],"line":40},"4":{"loc":{"start":{"line":49,"column":2},"end":{"line":51,"column":3}},"type":"if","locations":[{"start":{"line":49,"column":2},"end":{"line":51,"column":3}},{"start":{},"end":{}}],"line":49},"5":{"loc":{"start":{"line":56,"column":2},"end":{"line":58,"column":3}},"type":"if","locations":[{"start":{"line":56,"column":2},"end":{"line":58,"column":3}},{"start":{},"end":{}}],"line":56},"6":{"loc":{"start":{"line":56,"column":6},"end":{"line":56,"column":29}},"type":"binary-expr","locations":[{"start":{"line":56,"column":6},"end":{"line":56,"column":15}},{"start":{"line":56,"column":19},"end":{"line":56,"column":29}}],"line":56},"7":{"loc":{"start":{"line":60,"column":2},"end":{"line":62,"column":3}},"type":"if","locations":[{"start":{"line":60,"column":2},"end":{"line":62,"column":3}},{"start":{},"end":{}}],"line":60},"8":{"loc":{"start":{"line":82,"column":2},"end":{"line":84,"column":3}},"type":"if","locations":[{"start":{"line":82,"column":2},"end":{"line":84,"column":3}},{"start":{},"end":{}}],"line":82},"9":{"loc":{"start":{"line":90,"column":2},"end":{"line":92,"column":3}},"type":"if","locations":[{"start":{"line":90,"column":2},"end":{"line":92,"column":3}},{"start":{},"end":{}}],"line":90},"10":{"loc":{"start":{"line":94,"column":2},"end":{"line":96,"column":3}},"type":"if","locations":[{"start":{"line":94,"column":2},"end":{"line":96,"column":3}},{"start":{},"end":{}}],"line":94}},"s":{"0":1,"1":1,"2":1,"3":4,"4":4,"5":4,"6":4,"7":4,"8":2,"9":2,"10":4,"11":2,"12":2,"13":4,"14":3,"15":4,"16":4,"17":1,"18":2,"19":2,"20":1,"21":1,"22":1,"23":6,"24":6,"25":0,"26":6,"27":6,"28":6,"29":2,"30":4,"31":1,"32":3,"33":3,"34":3,"35":1,"36":3,"37":3,"38":0,"39":3,"40":3,"41":1,"42":2,"43":1,"44":1,"45":1},"f":{"0":4,"1":2,"2":6,"3":3},"b":{"0":[2,2],"1":[2,2],"2":[3,1],"3":[1,1],"4":[0,6],"5":[2,4],"6":[6,5],"7":[1,3],"8":[0,3],"9":[1,2],"10":[1,1]},"inputSourceMap":null,"_coverageSchema":"1a1c01bbd47fc00a2c39e90264f33305004495a9","hash":"8ec28d671be52fe3b8f214b7a62f722932afad47"}
}
