TN:
SF:middleware.js
FN:26,isPublicRoute
FN:30,(anonymous_1)
FN:62,authMiddleware
FNF:3
FNH:0
FNDA:0,isPublicRoute
FNDA:0,(anonymous_1)
FNDA:0,authMiddleware
DA:6,0
DA:7,0
DA:9,0
DA:27,0
DA:29,0
DA:31,0
DA:63,0
DA:64,0
DA:67,0
DA:68,0
DA:70,0
DA:71,0
DA:76,0
DA:77,0
DA:80,0
DA:88,0
DA:89,0
DA:92,0
DA:93,0
DA:96,0
DA:97,0
DA:98,0
DA:99,0
DA:102,0
DA:103,0
DA:105,0
DA:106,0
LF:27
LH:0
BRDA:6,0,0,0
BRDA:6,0,1,0
BRDA:7,1,0,0
BRDA:7,1,1,0
BRDA:31,2,0,0
BRDA:31,2,1,0
BRDA:31,2,2,0
BRDA:63,3,0,0
BRDA:63,3,1,0
BRDA:67,4,0,0
BRDA:67,4,1,0
BRDA:70,5,0,0
BRDA:70,5,1,0
BRDA:70,6,0,0
BRDA:70,6,1,0
BRDA:70,6,2,0
BRDA:88,7,0,0
BRDA:88,7,1,0
BRDA:92,8,0,0
BRDA:92,8,1,0
BRDA:96,9,0,0
BRDA:96,9,1,0
BRDA:98,10,0,0
BRDA:98,10,1,0
BRDA:98,11,0,0
BRDA:98,11,1,0
BRF:26
BRH:0
end_of_record
TN:
SF:utils.js
FN:19,getPasswordHash
FN:37,verifyPasswordHash
FN:53,createAccessToken
FNF:3
FNH:0
FNDA:0,getPasswordHash
FNDA:0,verifyPasswordHash
FNDA:0,createAccessToken
DA:9,0
DA:10,0
DA:20,0
DA:21,0
DA:22,0
DA:24,0
DA:25,0
DA:38,0
DA:39,0
DA:40,0
DA:42,0
DA:43,0
DA:54,0
DA:55,0
DA:56,0
DA:57,0
DA:65,0
DA:76,0
LF:18
LH:0
BRDA:9,0,0,0
BRDA:9,0,1,0
BRDA:10,1,0,0
BRDA:10,1,1,0
BRF:4
BRH:0
end_of_record
TN:
SF:controllers\auth.js
FN:13,(anonymous_0)
FN:43,(anonymous_1)
FN:80,(anonymous_2)
FNF:3
FNH:3
FNDA:6,(anonymous_0)
FNDA:7,(anonymous_1)
FNDA:1,(anonymous_2)
DA:11,1
DA:13,1
DA:14,6
DA:15,6
DA:16,6
DA:17,6
DA:18,2
DA:20,4
DA:23,3
DA:25,2
DA:26,1
DA:27,1
DA:30,1
DA:38,1
DA:39,1
DA:43,1
DA:44,7
DA:45,7
DA:46,7
DA:47,7
DA:48,7
DA:50,7
DA:51,4
DA:53,3
DA:56,3
DA:63,1
DA:67,2
DA:68,1
DA:69,1
DA:70,1
DA:71,1
DA:75,1
DA:76,1
DA:80,1
DA:81,1
DA:91,0
DA:93,1
LF:37
LH:36
BRDA:17,0,0,2
BRDA:17,0,1,4
BRDA:17,1,0,6
BRDA:17,1,1,5
BRDA:23,2,0,1
BRDA:23,2,1,2
BRDA:25,3,0,1
BRDA:25,3,1,1
BRDA:50,4,0,4
BRDA:50,4,1,3
BRDA:50,5,0,7
BRDA:50,5,1,6
BRDA:50,5,2,5
BRDA:50,5,3,4
BRDA:67,6,0,1
BRDA:67,6,1,1
BRDA:69,7,0,1
BRDA:69,7,1,0
BRDA:81,8,0,0
BRDA:81,8,1,1
BRF:20
BRH:18
end_of_record
TN:
SF:controllers\conversation.js
FN:9,(anonymous_0)
FN:35,(anonymous_1)
FN:61,(anonymous_2)
FN:106,(anonymous_3)
FN:122,(anonymous_4)
FN:186,(anonymous_5)
FNF:6
FNH:6
FNDA:3,(anonymous_0)
FNDA:1,(anonymous_1)
FNDA:4,(anonymous_2)
FNDA:1,(anonymous_3)
FNDA:5,(anonymous_4)
FNDA:2,(anonymous_5)
DA:5,1
DA:9,1
DA:10,3
DA:11,3
DA:13,3
DA:35,2
DA:37,1
DA:39,1
DA:41,1
DA:52,2
DA:54,1
DA:55,1
DA:61,1
DA:62,4
DA:63,4
DA:64,4
DA:66,4
DA:67,0
DA:71,4
DA:80,3
DA:81,2
DA:87,1
DA:91,1
DA:101,1
DA:106,1
DA:115,1
DA:116,1
DA:122,1
DA:123,5
DA:124,5
DA:125,5
DA:127,5
DA:128,1
DA:132,4
DA:139,3
DA:140,1
DA:146,2
DA:150,2
DA:151,1
DA:156,1
DA:157,1
DA:166,1
DA:170,1
DA:179,1
DA:180,1
DA:186,1
DA:187,2
DA:188,2
DA:189,2
DA:191,2
DA:192,0
DA:196,2
DA:204,2
DA:205,1
DA:211,1
DA:220,1
DA:224,1
DA:226,0
DA:227,0
LF:59
LH:55
BRDA:37,0,0,1
BRDA:37,0,1,0
BRDA:39,1,0,1
BRDA:39,1,1,0
BRDA:66,2,0,0
BRDA:66,2,1,4
BRDA:80,3,0,2
BRDA:80,3,1,1
BRDA:87,4,0,1
BRDA:87,4,1,0
BRDA:127,5,0,1
BRDA:127,5,1,4
BRDA:139,6,0,1
BRDA:139,6,1,2
BRDA:150,7,0,1
BRDA:150,7,1,1
BRDA:191,8,0,0
BRDA:191,8,1,2
BRDA:204,9,0,1
BRDA:204,9,1,1
BRF:20
BRH:15
end_of_record
TN:
SF:controllers\match.js
FN:8,(anonymous_0)
FN:69,(anonymous_1)
FNF:2
FNH:2
FNDA:3,(anonymous_0)
FNDA:5,(anonymous_1)
DA:4,1
DA:8,1
DA:9,3
DA:10,3
DA:11,3
DA:12,0
DA:15,3
DA:37,2
DA:38,1
DA:41,1
DA:62,1
DA:63,1
DA:69,1
DA:70,5
DA:71,5
DA:72,5
DA:73,0
DA:76,5
DA:79,5
DA:86,4
DA:87,1
DA:93,3
DA:95,3
DA:96,3
DA:97,3
DA:99,3
DA:100,2
DA:101,2
DA:104,3
DA:105,2
DA:106,2
DA:109,3
DA:110,3
DA:111,3
DA:116,3
DA:138,3
DA:162,1
DA:163,1
LF:38
LH:36
BRDA:11,0,0,0
BRDA:11,0,1,3
BRDA:37,1,0,1
BRDA:37,1,1,1
BRDA:72,2,0,0
BRDA:72,2,1,5
BRDA:86,3,0,1
BRDA:86,3,1,3
BRDA:95,4,0,3
BRDA:95,4,1,0
BRDA:95,5,0,3
BRDA:95,5,1,1
BRDA:99,6,0,2
BRDA:99,6,1,1
BRDA:101,7,0,2
BRDA:101,7,1,0
BRDA:104,8,0,2
BRDA:104,8,1,1
BRDA:106,9,0,2
BRDA:106,9,1,0
BRDA:109,10,0,3
BRDA:109,10,1,0
BRF:22
BRH:16
end_of_record
TN:
SF:controllers\message.js
FN:9,(anonymous_0)
FN:80,(anonymous_1)
FN:125,(anonymous_2)
FN:146,(anonymous_3)
FN:207,(anonymous_4)
FNF:5
FNH:4
FNDA:5,(anonymous_0)
FNDA:5,(anonymous_1)
FNDA:2,(anonymous_2)
FNDA:5,(anonymous_3)
FNDA:0,(anonymous_4)
DA:5,1
DA:9,1
DA:10,5
DA:11,5
DA:12,5
DA:13,5
DA:15,5
DA:16,1
DA:19,4
DA:20,1
DA:24,3
DA:32,2
DA:33,1
DA:38,1
DA:39,1
DA:41,1
DA:52,1
DA:61,1
DA:73,1
DA:74,1
DA:80,1
DA:81,5
DA:82,5
DA:83,5
DA:84,5
DA:85,5
DA:87,5
DA:88,1
DA:92,4
DA:100,4
DA:101,1
DA:106,3
DA:117,3
DA:124,3
DA:125,2
DA:139,0
DA:140,0
DA:146,1
DA:147,5
DA:148,5
DA:149,5
DA:150,5
DA:152,5
DA:153,0
DA:156,5
DA:157,1
DA:161,4
DA:167,3
DA:168,2
DA:173,1
DA:180,1
DA:189,1
DA:200,1
DA:201,1
DA:207,1
DA:208,0
DA:209,0
DA:210,0
DA:212,0
DA:213,0
DA:217,0
DA:223,0
DA:224,0
DA:229,0
DA:236,0
DA:238,0
DA:239,0
LF:67
LH:52
BRDA:15,0,0,1
BRDA:15,0,1,4
BRDA:19,1,0,1
BRDA:19,1,1,3
BRDA:32,2,0,1
BRDA:32,2,1,1
BRDA:84,3,0,5
BRDA:84,3,1,3
BRDA:85,4,0,5
BRDA:85,4,1,4
BRDA:87,5,0,1
BRDA:87,5,1,4
BRDA:100,6,0,1
BRDA:100,6,1,3
BRDA:152,7,0,0
BRDA:152,7,1,5
BRDA:156,8,0,1
BRDA:156,8,1,4
BRDA:167,9,0,2
BRDA:167,9,1,1
BRDA:212,10,0,0
BRDA:212,10,1,0
BRDA:223,11,0,0
BRDA:223,11,1,0
BRF:24
BRH:19
end_of_record
TN:
SF:controllers\profile.js
FN:19,(anonymous_0)
FN:28,(anonymous_1)
FN:38,(anonymous_2)
FN:77,(anonymous_3)
FN:122,(anonymous_4)
FNF:5
FNH:5
FNDA:2,(anonymous_0)
FNDA:2,(anonymous_1)
FNDA:2,(anonymous_2)
FNDA:4,(anonymous_3)
FNDA:3,(anonymous_4)
DA:6,1
DA:8,1
DA:19,1
DA:20,2
DA:21,2
DA:24,2
DA:25,2
DA:28,1
DA:29,2
DA:32,2
DA:33,1
DA:35,1
DA:38,1
DA:39,2
DA:40,2
DA:41,0
DA:44,2
DA:47,2
DA:48,1
DA:51,1
DA:58,1
DA:59,8
DA:60,5
DA:64,1
DA:74,1
DA:77,1
DA:78,4
DA:79,4
DA:80,0
DA:83,4
DA:86,4
DA:87,1
DA:89,3
DA:90,1
DA:93,2
DA:94,2
DA:99,2
DA:100,16
DA:101,2
DA:102,2
DA:106,2
DA:107,1
DA:110,1
DA:112,1
DA:116,1
DA:119,1
DA:122,1
DA:123,3
DA:124,3
DA:125,0
DA:128,3
DA:131,3
DA:132,1
DA:134,2
DA:135,1
DA:138,1
DA:142,1
LF:57
LH:54
BRDA:21,0,0,1
BRDA:21,0,1,1
BRDA:32,1,0,1
BRDA:32,1,1,1
BRDA:40,2,0,0
BRDA:40,2,1,2
BRDA:47,3,0,1
BRDA:47,3,1,1
BRDA:59,4,0,5
BRDA:59,4,1,3
BRDA:79,5,0,0
BRDA:79,5,1,4
BRDA:86,6,0,1
BRDA:86,6,1,3
BRDA:89,7,0,1
BRDA:89,7,1,2
BRDA:100,8,0,2
BRDA:100,8,1,14
BRDA:106,9,0,1
BRDA:106,9,1,1
BRDA:124,10,0,0
BRDA:124,10,1,3
BRDA:131,11,0,1
BRDA:131,11,1,2
BRDA:134,12,0,1
BRDA:134,12,1,1
BRF:26
BRH:23
end_of_record
TN:
SF:controllers\swipe.js
FN:10,(anonymous_0)
FN:35,(anonymous_1)
FN:47,(anonymous_2)
FN:80,(anonymous_3)
FNF:4
FNH:4
FNDA:4,(anonymous_0)
FNDA:2,(anonymous_1)
FNDA:6,(anonymous_2)
FNDA:3,(anonymous_3)
DA:6,1
DA:8,1
DA:10,1
DA:11,4
DA:13,4
DA:14,4
DA:15,4
DA:17,4
DA:18,2
DA:19,2
DA:22,4
DA:23,2
DA:24,2
DA:27,4
DA:28,3
DA:31,4
DA:32,4
DA:35,1
DA:36,2
DA:40,2
DA:41,1
DA:44,1
DA:47,1
DA:48,6
DA:49,6
DA:50,0
DA:53,6
DA:54,6
DA:56,6
DA:57,2
DA:60,4
DA:61,1
DA:64,3
DA:72,3
DA:77,3
DA:80,1
DA:81,3
DA:82,3
DA:83,0
DA:86,3
DA:90,3
DA:91,1
DA:94,2
DA:95,1
DA:98,1
DA:99,1
LF:46
LH:44
BRDA:17,0,0,2
BRDA:17,0,1,2
BRDA:22,1,0,2
BRDA:22,1,1,2
BRDA:27,2,0,3
BRDA:27,2,1,1
BRDA:40,3,0,1
BRDA:40,3,1,1
BRDA:49,4,0,0
BRDA:49,4,1,6
BRDA:56,5,0,2
BRDA:56,5,1,4
BRDA:56,6,0,6
BRDA:56,6,1,5
BRDA:60,7,0,1
BRDA:60,7,1,3
BRDA:82,8,0,0
BRDA:82,8,1,3
BRDA:90,9,0,1
BRDA:90,9,1,2
BRDA:94,10,0,1
BRDA:94,10,1,1
BRF:22
BRH:20
end_of_record
